<component name="libraryTable">
  <library name="junit-jupiter-api-5.8.0">
    <CLASSES>
      <root url="jar://$PROJECT_DIR$/day32Homework_IO/src/junit-jupiter-api-5.8.0.jar!/" />
      <root url="jar://$PROJECT_DIR$/day32Homework_IO/src/junit-platform-commons-1.9.2.jar!/" />
      <root url="jar://$PROJECT_DIR$/day32Homework_IO/src/junit-platform-engine-1.9.2.jar!/" />
    </CLASSES>
    <JAVADOC />
    <SOURCES />
  </library>
</component>